0800038C  BL write_to_fiq_banks                          R0:00000000 R1:00000000 R2:00000000 R3:00000000 R4:00000000 R5:00000000 R6:00000000 R7:00000000 R8:00000000 R9:00000000 R10:00000000 R11:00000000 R12:00000000 R13:03007EE8 R14:08000310 R15:08000394 CPSR:nZcvtfi Mode: SYS V:0   H:254 BC:04 00 00 EB
080003A4  MRS R0, CPSR                                   R0:00000000 R1:00000000 R2:00000000 R3:00000000 R4:00000000 R5:00000000 R6:00000000 R7:00000000 R8:00000000 R9:00000000 R10:00000000 R11:00000000 R12:00000000 R13:03007EE8 R14:08000390 R15:080003AC CPSR:nZcvtfi Mode: SYS V:0   H:274 BC:00 00 0F E1
080003A8  MSR CPSR_FC, #$11                              R0:4000001F R1:00000000 R2:00000000 R3:00000000 R4:00000000 R5:00000000 R6:00000000 R7:00000000 R8:00000000 R9:00000000 R10:00000000 R11:00000000 R12:00000000 R13:03007EE8 R14:08000390 R15:080003B0 CPSR:nZcvtfi Mode: SYS V:0   H:280 BC:11 F0 29 E3
080003AC  MOV R8, #$69                                   R0:4000001F R1:00000000 R2:00000000 R3:00000000 R4:00000000 R5:00000000 R6:00000000 R7:00000000 R8:00000000 R9:00000000 R10:00000000 R11:00000000 R12:00000000 R13:00000000 R14:00000000 R15:080003B4 CPSR:nzcvtfi Mode: FIQ V:0   H:286 BC:69 80 A0 E3
080003B0  MOV R9, #$69                                   R0:4000001F R1:00000000 R2:00000000 R3:00000000 R4:00000000 R5:00000000 R6:00000000 R7:00000000 R8:00000069 R9:00000000 R10:00000000 R11:00000000 R12:00000000 R13:00000000 R14:00000000 R15:080003B8 CPSR:nzcvtfi Mode: FIQ V:0   H:292 BC:69 90 A0 E3
080003B4  MOV R10, #$69                                  R0:4000001F R1:00000000 R2:00000000 R3:00000000 R4:00000000 R5:00000000 R6:00000000 R7:00000000 R8:00000069 R9:00000069 R10:00000000 R11:00000000 R12:00000000 R13:00000000 R14:00000000 R15:080003BC CPSR:nzcvtfi Mode: FIQ V:0   H:298 BC:69 A0 A0 E3
080003B8  MOV R11, #$69                                  R0:4000001F R1:00000000 R2:00000000 R3:00000000 R4:00000000 R5:00000000 R6:00000000 R7:00000000 R8:00000069 R9:00000069 R10:00000069 R11:00000000 R12:00000000 R13:00000000 R14:00000000 R15:080003C0 CPSR:nzcvtfi Mode: FIQ V:0   H:304 BC:69 B0 A0 E3
080003BC  MOV R12, #$69                                  R0:4000001F R1:00000000 R2:00000000 R3:00000000 R4:00000000 R5:00000000 R6:00000000 R7:00000000 R8:00000069 R9:00000069 R10:00000069 R11:00000069 R12:00000000 R13:00000000 R14:00000000 R15:080003C4 CPSR:nzcvtfi Mode: FIQ V:0   H:310 BC:69 C0 A0 E3
080003C0  MOV SP, #$69                                   R0:4000001F R1:00000000 R2:00000000 R3:00000000 R4:00000000 R5:00000000 R6:00000000 R7:00000000 R8:00000069 R9:00000069 R10:00000069 R11:00000069 R12:00000069 R13:00000000 R14:00000000 R15:080003C8 CPSR:nzcvtfi Mode: FIQ V:0   H:316 BC:69 D0 A0 E3
080003C4  MOV LR, #$69                                   R0:4000001F R1:00000000 R2:00000000 R3:00000000 R4:00000000 R5:00000000 R6:00000000 R7:00000000 R8:00000069 R9:00000069 R10:00000069 R11:00000069 R12:00000069 R13:00000069 R14:00000000 R15:080003CC CPSR:nzcvtfi Mode: FIQ V:0   H:322 BC:69 E0 A0 E3
080003C8  MSR CPSR_FC, R0                                R0:4000001F R1:00000000 R2:00000000 R3:00000000 R4:00000000 R5:00000000 R6:00000000 R7:00000000 R8:00000069 R9:00000069 R10:00000069 R11:00000069 R12:00000069 R13:00000069 R14:00000069 R15:080003D0 CPSR:nzcvtfi Mode: FIQ V:0   H:328 BC:00 F0 29 E1
080003CC  BX LR [$08000390]                              R0:4000001F R1:00000000 R2:00000000 R3:00000000 R4:00000000 R5:00000000 R6:00000000 R7:00000000 R8:00000000 R9:00000000 R10:00000000 R11:00000000 R12:00000000 R13:03007EE8 R14:08000390 R15:080003D4 CPSR:nZcvtfi Mode: SYS V:0   H:334 BC:1E FF 2F E1
08000390  BL write_to_svc_banks                          R0:4000001F R1:00000000 R2:00000000 R3:00000000 R4:00000000 R5:00000000 R6:00000000 R7:00000000 R8:00000000 R9:00000000 R10:00000000 R11:00000000 R12:00000000 R13:03007EE8 R14:08000390 R15:08000398 CPSR:nZcvtfi Mode: SYS V:0   H:354 BC:0E 00 00 EB
080003D0  MRS R0, CPSR                                   R0:4000001F R1:00000000 R2:00000000 R3:00000000 R4:00000000 R5:00000000 R6:00000000 R7:00000000 R8:00000000 R9:00000000 R10:00000000 R11:00000000 R12:00000000 R13:03007EE8 R14:08000394 R15:080003D8 CPSR:nZcvtfi Mode: SYS V:0   H:374 BC:00 00 0F E1
080003D4  MSR CPSR_FC, #$13                              R0:4000001F R1:00000000 R2:00000000 R3:00000000 R4:00000000 R5:00000000 R6:00000000 R7:00000000 R8:00000000 R9:00000000 R10:00000000 R11:00000000 R12:00000000 R13:03007EE8 R14:08000394 R15:080003DC CPSR:nZcvtfi Mode: SYS V:0   H:380 BC:13 F0 29 E3
080003D8  MOV SP, #$69                                   R0:4000001F R1:00000000 R2:00000000 R3:00000000 R4:00000000 R5:00000000 R6:00000000 R7:00000000 R8:00000000 R9:00000000 R10:00000000 R11:00000000 R12:00000000 R13:03007FE0 R14:00000000 R15:080003E0 CPSR:nzcvtfi Mode: SVC V:0   H:386 BC:69 D0 A0 E3
080003DC  MOV LR, #$69                                   R0:4000001F R1:00000000 R2:00000000 R3:00000000 R4:00000000 R5:00000000 R6:00000000 R7:00000000 R8:00000000 R9:00000000 R10:00000000 R11:00000000 R12:00000000 R13:00000069 R14:00000000 R15:080003E4 CPSR:nzcvtfi Mode: SVC V:0   H:392 BC:69 E0 A0 E3
080003E0  MSR CPSR_FC, R0                                R0:4000001F R1:00000000 R2:00000000 R3:00000000 R4:00000000 R5:00000000 R6:00000000 R7:00000000 R8:00000000 R9:00000000 R10:00000000 R11:00000000 R12:00000000 R13:00000069 R14:00000069 R15:080003E8 CPSR:nzcvtfi Mode: SVC V:0   H:398 BC:00 F0 29 E1
080003E4  BX LR [$08000394]                              R0:4000001F R1:00000000 R2:00000000 R3:00000000 R4:00000000 R5:00000000 R6:00000000 R7:00000000 R8:00000000 R9:00000000 R10:00000000 R11:00000000 R12:00000000 R13:03007EE8 R14:08000394 R15:080003EC CPSR:nZcvtfi Mode: SYS V:0   H:404 BC:1E FF 2F E1
08000394  BL write_to_abt_banks                          R0:4000001F R1:00000000 R2:00000000 R3:00000000 R4:00000000 R5:00000000 R6:00000000 R7:00000000 R8:00000000 R9:00000000 R10:00000000 R11:00000000 R12:00000000 R13:03007EE8 R14:08000394 R15:0800039C CPSR:nZcvtfi Mode: SYS V:0   H:424 BC:13 00 00 EB
080003E8  MRS R0, CPSR                                   R0:4000001F R1:00000000 R2:00000000 R3:00000000 R4:00000000 R5:00000000 R6:00000000 R7:00000000 R8:00000000 R9:00000000 R10:00000000 R11:00000000 R12:00000000 R13:03007EE8 R14:08000398 R15:080003F0 CPSR:nZcvtfi Mode: SYS V:0   H:444 BC:00 00 0F E1
080003EC  MSR CPSR_FC, #$17                              R0:4000001F R1:00000000 R2:00000000 R3:00000000 R4:00000000 R5:00000000 R6:00000000 R7:00000000 R8:00000000 R9:00000000 R10:00000000 R11:00000000 R12:00000000 R13:03007EE8 R14:08000398 R15:080003F4 CPSR:nZcvtfi Mode: SYS V:0   H:450 BC:17 F0 29 E3
080003F0  MOV SP, #$69                                   R0:4000001F R1:00000000 R2:00000000 R3:00000000 R4:00000000 R5:00000000 R6:00000000 R7:00000000 R8:00000000 R9:00000000 R10:00000000 R11:00000000 R12:00000000 R13:00000000 R14:00000000 R15:080003F8 CPSR:nzcvtfi Mode: ABT V:0   H:456 BC:69 D0 A0 E3
080003F4  MOV LR, #$69                                   R0:4000001F R1:00000000 R2:00000000 R3:00000000 R4:00000000 R5:00000000 R6:00000000 R7:00000000 R8:00000000 R9:00000000 R10:00000000 R11:00000000 R12:00000000 R13:00000069 R14:00000000 R15:080003FC CPSR:nzcvtfi Mode: ABT V:0   H:462 BC:69 E0 A0 E3
080003F8  MSR CPSR_FC, R0                                R0:4000001F R1:00000000 R2:00000000 R3:00000000 R4:00000000 R5:00000000 R6:00000000 R7:00000000 R8:00000000 R9:00000000 R10:00000000 R11:00000000 R12:00000000 R13:00000069 R14:00000069 R15:08000400 CPSR:nzcvtfi Mode: ABT V:0   H:468 BC:00 F0 29 E1
080003FC  BX LR [$08000398]                              R0:4000001F R1:00000000 R2:00000000 R3:00000000 R4:00000000 R5:00000000 R6:00000000 R7:00000000 R8:00000000 R9:00000000 R10:00000000 R11:00000000 R12:00000000 R13:03007EE8 R14:08000398 R15:08000404 CPSR:nZcvtfi Mode: SYS V:0   H:474 BC:1E FF 2F E1
08000398  BL write_to_irq_banks                          R0:4000001F R1:00000000 R2:00000000 R3:00000000 R4:00000000 R5:00000000 R6:00000000 R7:00000000 R8:00000000 R9:00000000 R10:00000000 R11:00000000 R12:00000000 R13:03007EE8 R14:08000398 R15:080003A0 CPSR:nZcvtfi Mode: SYS V:0   H:494 BC:18 00 00 EB
08000400  MRS R0, CPSR                                   R0:4000001F R1:00000000 R2:00000000 R3:00000000 R4:00000000 R5:00000000 R6:00000000 R7:00000000 R8:00000000 R9:00000000 R10:00000000 R11:00000000 R12:00000000 R13:03007EE8 R14:0800039C R15:08000408 CPSR:nZcvtfi Mode: SYS V:0   H:514 BC:00 00 0F E1
08000404  MSR CPSR_FC, #$12                              R0:4000001F R1:00000000 R2:00000000 R3:00000000 R4:00000000 R5:00000000 R6:00000000 R7:00000000 R8:00000000 R9:00000000 R10:00000000 R11:00000000 R12:00000000 R13:03007EE8 R14:0800039C R15:0800040C CPSR:nZcvtfi Mode: SYS V:0   H:520 BC:12 F0 29 E3
08000408  MOV SP, #$69                                   R0:4000001F R1:00000000 R2:00000000 R3:00000000 R4:00000000 R5:00000000 R6:00000000 R7:00000000 R8:00000000 R9:00000000 R10:00000000 R11:00000000 R12:00000000 R13:03007FA0 R14:00000000 R15:08000410 CPSR:nzcvtfi Mode: IRQ V:0   H:526 BC:69 D0 A0 E3
0800040C  MOV LR, #$69                                   R0:4000001F R1:00000000 R2:00000000 R3:00000000 R4:00000000 R5:00000000 R6:00000000 R7:00000000 R8:00000000 R9:00000000 R10:00000000 R11:00000000 R12:00000000 R13:00000069 R14:00000000 R15:08000414 CPSR:nzcvtfi Mode: IRQ V:0   H:532 BC:69 E0 A0 E3
08000410  MSR CPSR_FC, R0                                R0:4000001F R1:00000000 R2:00000000 R3:00000000 R4:00000000 R5:00000000 R6:00000000 R7:00000000 R8:00000000 R9:00000000 R10:00000000 R11:00000000 R12:00000000 R13:00000069 R14:00000069 R15:08000418 CPSR:nzcvtfi Mode: IRQ V:0   H:538 BC:00 F0 29 E1
08000414  BX LR [$0800039C]                              R0:4000001F R1:00000000 R2:00000000 R3:00000000 R4:00000000 R5:00000000 R6:00000000 R7:00000000 R8:00000000 R9:00000000 R10:00000000 R11:00000000 R12:00000000 R13:03007EE8 R14:0800039C R15:0800041C CPSR:nZcvtfi Mode: SYS V:0   H:544 BC:1E FF 2F E1
0800039C  BL load_all                                    R0:4000001F R1:00000000 R2:00000000 R3:00000000 R4:00000000 R5:00000000 R6:00000000 R7:00000000 R8:00000000 R9:00000000 R10:00000000 R11:00000000 R12:00000000 R13:03007EE8 R14:0800039C R15:080003A4 CPSR:nZcvtfi Mode: SYS V:0   H:564 BC:1D 00 00 EB
08000418  MRS R0, CPSR                                   R0:4000001F R1:00000000 R2:00000000 R3:00000000 R4:00000000 R5:00000000 R6:00000000 R7:00000000 R8:00000000 R9:00000000 R10:00000000 R11:00000000 R12:00000000 R13:03007EE8 R14:080003A0 R15:08000420 CPSR:nZcvtfi Mode: SYS V:0   H:584 BC:00 00 0F E1
0800041C  MSR CPSR_FC, #$11                              R0:4000001F R1:00000000 R2:00000000 R3:00000000 R4:00000000 R5:00000000 R6:00000000 R7:00000000 R8:00000000 R9:00000000 R10:00000000 R11:00000000 R12:00000000 R13:03007EE8 R14:080003A0 R15:08000424 CPSR:nZcvtfi Mode: SYS V:0   H:590 BC:11 F0 29 E3
08000420  MSR CPSR_FC, #$13                              R0:4000001F R1:00000000 R2:00000000 R3:00000000 R4:00000000 R5:00000000 R6:00000000 R7:00000000 R8:00000069 R9:00000069 R10:00000069 R11:00000069 R12:00000069 R13:00000069 R14:00000069 R15:08000428 CPSR:nzcvtfi Mode: FIQ V:0   H:596 BC:13 F0 29 E3
08000424  MSR CPSR_FC, #$17                              R0:4000001F R1:00000000 R2:00000000 R3:00000000 R4:00000000 R5:00000000 R6:00000000 R7:00000000 R8:00000000 R9:00000000 R10:00000000 R11:00000000 R12:00000000 R13:00000069 R14:00000069 R15:0800042C CPSR:nzcvtfi Mode: SVC V:0   H:602 BC:17 F0 29 E3
08000428  MSR CPSR_FC, #$12                              R0:4000001F R1:00000000 R2:00000000 R3:00000000 R4:00000000 R5:00000000 R6:00000000 R7:00000000 R8:00000000 R9:00000000 R10:00000000 R11:00000000 R12:00000000 R13:00000069 R14:00000069 R15:08000430 CPSR:nzcvtfi Mode: ABT V:0   H:608 BC:12 F0 29 E3
0800042C  MSR CPSR_FC, R0                                R0:4000001F R1:00000000 R2:00000000 R3:00000000 R4:00000000 R5:00000000 R6:00000000 R7:00000000 R8:00000000 R9:00000000 R10:00000000 R11:00000000 R12:00000000 R13:00000069 R14:00000069 R15:08000434 CPSR:nzcvtfi Mode: IRQ V:0   H:614 BC:00 F0 29 E1
08000430  BX LR [$080003A0]                              R0:4000001F R1:00000000 R2:00000000 R3:00000000 R4:00000000 R5:00000000 R6:00000000 R7:00000000 R8:00000000 R9:00000000 R10:00000000 R11:00000000 R12:00000000 R13:03007EE8 R14:080003A0 R15:08000438 CPSR:nZcvtfi Mode: SYS V:0   H:620 BC:1E FF 2F E1
